Warning[2073] D:\git\70M\Drivers\External-Peripherals\oled_c2.c 219 : null-terminated initializer string too long
Warning[2073] D:\git\70M\Drivers\External-Peripherals\oled_c2.c 219 : null-terminated initializer string too long
Warning[2073] D:\git\70M\Drivers\External-Peripherals\oled_c2.c 219 : null-terminated initializer string too long
Warning[2073] D:\git\70M\Drivers\External-Peripherals\oled_c2.c 219 : null-terminated initializer string too long
Warning[2073] D:\git\70M\Drivers\External-Peripherals\oled_c2.c 219 : null-terminated initializer string too long
Warning[2073] D:\git\70M\Drivers\External-Peripherals\oled_c2.c 219 : null-terminated initializer string too long
Warning[2073] D:\git\70M\Drivers\External-Peripherals\oled_c2.c 219 : null-terminated initializer string too long
Warning[2073] D:\git\70M\Drivers\External-Peripherals\oled_c2.c 219 : null-terminated initializer string too long
Warning[2073] D:\git\70M\Drivers\External-Peripherals\oled_c2.c 219 : null-terminated initializer string too long
Warning[2073] D:\git\70M\Drivers\External-Peripherals\oled_c2.c 219 : null-terminated initializer string too long
Warning[2073] D:\git\70M\Drivers\External-Peripherals\oled_c2.c 219 : null-terminated initializer string too long
Warning[2073] D:\git\70M\Drivers\External-Peripherals\oled_c2.c 219 : null-terminated initializer string too long
Warning[2073] D:\git\70M\Drivers\External-Peripherals\oled_c2.c 219 : null-terminated initializer string too long
Warning[2073] D:\git\70M\Drivers\External-Peripherals\oled_c2.c 219 : null-terminated initializer string too long
Warning[2073] D:\git\70M\Drivers\External-Peripherals\oled_c2.c 219 : null-terminated initializer string too long
Warning[2073] D:\git\70M\Drivers\External-Peripherals\oled_c2.c 219 : null-terminated initializer string too long
Warning[2073] D:\git\70M\Drivers\External-Peripherals\oled_c2.c 219 : null-terminated initializer string too long
Warning[2073] D:\git\70M\Drivers\External-Peripherals\oled_c2.c 219 : null-terminated initializer string too long
Warning[2073] D:\git\70M\Drivers\External-Peripherals\oled_c2.c 219 : null-terminated initializer string too long
Warning[2073] D:\git\70M\Drivers\External-Peripherals\oled_c2.c 219 : null-terminated initializer string too long
Warning[2073] D:\git\70M\Drivers\External-Peripherals\oled_c2.c 219 : null-terminated initializer string too long
Warning[2073] D:\git\70M\Drivers\External-Peripherals\oled_c2.c 219 : null-terminated initializer string too long
Warning[2073] D:\git\70M\Drivers\External-Peripherals\oled_c2.c 219 : null-terminated initializer string too long
Warning[2073] D:\git\70M\Drivers\External-Peripherals\oled_c2.c 219 : null-terminated initializer string too long
Warning[2073] D:\git\70M\Drivers\External-Peripherals\oled_c2.c 219 : null-terminated initializer string too long
Warning[2073] D:\git\70M\Drivers\External-Peripherals\oled_c2.c 219 : null-terminated initializer string too long
Warning[2073] D:\git\70M\Drivers\External-Peripherals\oled_c2.c 219 : null-terminated initializer string too long
Warning[2073] D:\git\70M\Drivers\External-Peripherals\oled_c2.c 219 : null-terminated initializer string too long
Warning[2073] D:\git\70M\Drivers\External-Peripherals\oled_c2.c 219 : null-terminated initializer string too long
Warning[2073] D:\git\70M\Drivers\External-Peripherals\oled_c2.c 219 : null-terminated initializer string too long
Warning[2073] D:\git\70M\Drivers\External-Peripherals\oled_c2.c 249 : null-terminated initializer string too long
Warning[2073] D:\git\70M\Drivers\External-Peripherals\oled_c2.c 249 : null-terminated initializer string too long
Warning[2073] D:\git\70M\Drivers\External-Peripherals\oled_c2.c 249 : null-terminated initializer string too long
Warning[2073] D:\git\70M\Drivers\External-Peripherals\oled_c2.c 249 : null-terminated initializer string too long
Warning[2073] D:\git\70M\Drivers\External-Peripherals\oled_c2.c 249 : null-terminated initializer string too long
Warning[2073] D:\git\70M\Drivers\External-Peripherals\oled_c2.c 249 : null-terminated initializer string too long
Warning[2073] D:\git\70M\Drivers\External-Peripherals\oled_c2.c 249 : null-terminated initializer string too long
Warning[2073] D:\git\70M\Drivers\External-Peripherals\oled_c2.c 249 : null-terminated initializer string too long
Warning[2073] D:\git\70M\Drivers\External-Peripherals\oled_c2.c 249 : null-terminated initializer string too long
Warning[2073] D:\git\70M\Drivers\External-Peripherals\oled_c2.c 249 : null-terminated initializer string too long
Warning[2073] D:\git\70M\Drivers\External-Peripherals\oled_c2.c 249 : null-terminated initializer string too long
Warning[2073] D:\git\70M\Drivers\External-Peripherals\oled_c2.c 249 : null-terminated initializer string too long
Warning[2073] D:\git\70M\Drivers\External-Peripherals\oled_c2.c 249 : null-terminated initializer string too long
Warning[2073] D:\git\70M\Drivers\External-Peripherals\oled_c2.c 249 : null-terminated initializer string too long
Warning[2073] D:\git\70M\Drivers\External-Peripherals\oled_c2.c 249 : null-terminated initializer string too long
Warning[2073] D:\git\70M\Drivers\External-Peripherals\oled_c2.c 249 : null-terminated initializer string too long
Warning[2073] D:\git\70M\Drivers\External-Peripherals\oled_c2.c 249 : null-terminated initializer string too long
Warning[2058] D:\git\70M\Drivers\External-Peripherals\oled_c2.c 264 : call of function without prototype
Warning[2058] D:\git\70M\Drivers\External-Peripherals\oled_c2.c 479 : call of function without prototype
Warning[2058] D:\git\70M\Drivers\External-Peripherals\oled_c2.c 488 : call of function without prototype
Warning[2058] D:\git\70M\Drivers\External-Peripherals\oled_c2.c 492 : call of function without prototype
Warning[2058] D:\git\70M\Drivers\External-Peripherals\oled_c2.c 557 : call of function without prototype
Warning[2058] D:\git\70M\Drivers\External-Peripherals\oled_c2.c 566 : call of function without prototype
Warning[2058] D:\git\70M\Drivers\External-Peripherals\oled_c2.c 571 : call of function without prototype
Warning[2058] D:\git\70M\Drivers\External-Peripherals\oled_c2.c 656 : call of function without prototype
Warning[2058] D:\git\70M\Drivers\External-Peripherals\oled_c2.c 765 : call of function without prototype
Warning[2058] D:\git\70M\Drivers\External-Peripherals\oled_c2.c 779 : call of function without prototype
Warning[2058] D:\git\70M\Drivers\External-Peripherals\oled_c2.c 783 : call of function without prototype
Warning[2058] D:\git\70M\Drivers\External-Peripherals\oled_c2.c 793 : call of function without prototype
Warning[2058] D:\git\70M\Drivers\External-Peripherals\oled_c2.c 802 : call of function without prototype
Warning[2058] D:\git\70M\Drivers\External-Peripherals\oled_c2.c 812 : call of function without prototype
Warning[2058] D:\git\70M\Drivers\External-Peripherals\oled_c2.c 822 : call of function without prototype
Warning[2058] D:\git\70M\Drivers\External-Peripherals\oled_c2.c 841 : call of function without prototype
Warning[2058] D:\git\70M\Drivers\External-Peripherals\oled_c2.c 851 : call of function without prototype
Warning[2058] D:\git\70M\Drivers\External-Peripherals\oled_c2.c 857 : call of function without prototype
Warning[2058] D:\git\70M\Drivers\External-Peripherals\oled_c2.c 867 : call of function without prototype
Warning[2058] D:\git\70M\Drivers\External-Peripherals\oled_c2.c 897 : call of function without prototype
Warning[2058] D:\git\70M\Drivers\External-Peripherals\oled_c2.c 902 : call of function without prototype
Warning[2058] D:\git\70M\Drivers\External-Peripherals\oled_c2.c 912 : call of function without prototype
Warning[2058] D:\git\70M\Drivers\External-Peripherals\oled_c2.c 917 : call of function without prototype
Warning[2058] D:\git\70M\Drivers\External-Peripherals\oled_c2.c 922 : call of function without prototype
Warning[2058] D:\git\70M\Drivers\External-Peripherals\oled_c2.c 970 : call of function without prototype
Warning[2058] D:\git\70M\Drivers\External-Peripherals\oled_c2.c 991 : call of function without prototype
Warning[2058] D:\git\70M\Drivers\External-Peripherals\oled_c2.c 1638 : call of function without prototype
Warning[2065] D:\git\70M\Drivers\External-Peripherals\oled_c2.c 1647 : static function 'SYS__u8UpdateDownConverter' never referenced
Warning[2065] D:\git\70M\Drivers\External-Peripherals\oled_c2.c 1647 : static function 'LCD__u8CancelKeyToParentMenu' never referenced
Warning[2065] D:\git\70M\Drivers\External-Peripherals\oled_c2.c 1647 : static function 'LCD__u8EnterKeyToChildMenu' never referenced
Warning[2065] D:\git\70M\Drivers\External-Peripherals\oled_c2.c 1647 : static function 'SYS__u8UpdateDownConverter' never referenced
